[voice] 7.22s rms=13520 frames=241 dropped=0 crc_dropped=0 transcript=''
[voice] 0.67s rms=13698 frames=23 dropped=0 crc_dropped=0 transcript=''
[voice] 0.67s rms=13647 frames=23 dropped=0 crc_dropped=0 transcript=''
[voice] 6.00s rms=13525 frames=200 dropped=0 crc_dropped=0 transcript=''
[voice] 5.03s rms=13608 frames=168 dropped=0 crc_dropped=0 transcript=''
[voice] 0.67s rms=13527 frames=23 dropped=0 crc_dropped=0 transcript=''
[voice] 0.67s rms=13601 frames=23 dropped=0 crc_dropped=0 transcript=''
[voice] 6.00s rms=13564 frames=200 dropped=0 crc_dropped=0 transcript=''
[voice] 0.67s rms=13567 frames=23 dropped=0 crc_dropped=0 transcript=''
[voice] 2.71s rms=5027 frames=91 dropped=0 crc_dropped=0 transcript='hi how are you'
[voice] 3.74s rms=2987 frames=125 dropped=0 crc_dropped=0 transcript='yeah can you tell me a joke'
[voice] 1.87s rms=3497 frames=63 dropped=0 crc_dropped=0 transcript='what are you doing know'
[voice] 1.59s rms=2152 frames=54 dropped=0 crc_dropped=0 transcript='are you happy today'
[voice] 1.78s rms=869 frames=60 dropped=0 crc_dropped=0 transcript='so my name is that'
[voice] 0.33s rms=311 frames=12 dropped=0 crc_dropped=0 transcript=''
[voice] 5.97s rms=1136 frames=199 dropped=0 crc_dropped=0 transcript='the choice the this music in africa because that key and of oracle'
[voice] 0.75s rms=1665 frames=25 dropped=0 crc_dropped=0 transcript="what's hot"
[voice] 6.00s rms=1338 frames=200 dropped=0 crc_dropped=0 transcript="what's your from the of workers your lush the report on"
[voice] 1.74s rms=834 frames=58 dropped=0 crc_dropped=0 transcript="no i couldn't"
[voice] 2.09s rms=650 frames=70 dropped=0 crc_dropped=0 transcript="what are you don't know"
[voice] 3.00s rms=593 frames=100 dropped=0 crc_dropped=0 transcript=''
[voice] 3.00s rms=1407 frames=100 dropped=0 crc_dropped=0 transcript='so can you teach me'
[voice] 0.33s rms=458 frames=12 dropped=0 crc_dropped=0 transcript=''
[voice] 1.89s rms=921 frames=63 dropped=0 crc_dropped=0 transcript='hi how are you'
[voice] 0.33s rms=398 frames=12 dropped=0 crc_dropped=0 transcript=''
[voice] 3.42s rms=856 frames=115 dropped=0 crc_dropped=0 transcript='can you find the this place in morocco'
[voice] 3.32s rms=785 frames=111 dropped=0 crc_dropped=0 transcript='are you happy now'
[voice] 3.00s rms=468 frames=100 dropped=0 crc_dropped=0 transcript=''
[voice] 0.33s rms=713 frames=12 dropped=0 crc_dropped=0 transcript=''
[voice] 1.07s rms=988 frames=36 dropped=0 crc_dropped=0 transcript='why you are'
[voice] 0.37s rms=412 frames=13 dropped=0 crc_dropped=0 transcript=''
[voice] 2.30s rms=5263 frames=77 dropped=0 crc_dropped=0 transcript='what are you doing'
[voice] 3.67s rms=3312 frames=123 dropped=0 crc_dropped=0 transcript='what are you doing for today'
[voice] 5.60s rms=8977 frames=187 dropped=0 crc_dropped=0 transcript="hello how are you tell me what's the weather here in often"
[voice] 3.25s rms=6522 frames=109 dropped=0 crc_dropped=0 transcript="iowa or you're gonna tell me a joke"
[voice] 0.91s rms=5575 frames=31 dropped=0 crc_dropped=0 transcript='what'
[voice] 1.98s rms=4967 frames=66 dropped=0 crc_dropped=0 transcript="what's one plus one"
